# JRE version: OpenJDK Runtime Environment (7.0_75-b13) (build 1.7.0_75-b13)
# Java VM: OpenJDK 64-Bit Server VM (24.75-b04 mixed mode linux-amd64 compressed oops)
Heap
 PSYoungGen      total 264704K, used 121191K [0x00000000eaa80000, 0x00000000fff80000, 0x0000000100000000)
  eden space 187392K, 54% used [0x00000000eaa80000,0x00000000f0ed9f48,0x00000000f6180000)
  from space 77312K, 23% used [0x00000000f6180000,0x00000000f737ff40,0x00000000fad00000)
  to   space 76800K, 0% used [0x00000000fb480000,0x00000000fb480000,0x00000000fff80000)
 ParOldGen       total 237056K, used 84508K [0x00000000c0000000, 0x00000000ce780000, 0x00000000eaa80000)
  object space 237056K, 35% used [0x00000000c0000000,0x00000000c52870b8,0x00000000ce780000)
 PSPermGen       total 151552K, used 121198K [0x00000000b0000000, 0x00000000b9400000, 0x00000000c0000000)
  object space 151552K, 79% used [0x00000000b0000000,0x00000000b765b958,0x00000000b9400000)
GC Heap History (10 events):
Event: 11086,840 GC heap before
{Heap before GC invocations=55 (full 11):
 PSYoungGen      total 264192K, used 51353K [0x00000000eaa80000, 0x00000000ffd00000, 0x0000000100000000)
  eden space 183296K, 0% used [0x00000000eaa80000,0x00000000eaa80000,0x00000000f5d80000)
  from space 80896K, 63% used [0x00000000fad00000,0x00000000fdf264a8,0x00000000ffc00000)
  to   space 81408K, 0% used [0x00000000f5d80000,0x00000000f5d80000,0x00000000fad00000)
 ParOldGen       total 237056K, used 105149K [0x00000000c0000000, 0x00000000ce780000, 0x00000000eaa80000)
  object space 237056K, 44% used [0x00000000c0000000,0x00000000c66af568,0x00000000ce780000)
 PSPermGen       total 134656K, used 111565K [0x00000000b0000000, 0x00000000b8380000, 0x00000000c0000000)
  object space 134656K, 82% used [0x00000000b0000000,0x00000000b6cf36c0,0x00000000b8380000)
Event: 11087,465 GC heap after
Heap after GC invocations=55 (full 11):
 PSYoungGen      total 264192K, used 0K [0x00000000eaa80000, 0x00000000ffd00000, 0x0000000100000000)
  eden space 183296K, 0% used [0x00000000eaa80000,0x00000000eaa80000,0x00000000f5d80000)
  from space 80896K, 0% used [0x00000000fad00000,0x00000000fad00000,0x00000000ffc00000)
  to   space 81408K, 0% used [0x00000000f5d80000,0x00000000f5d80000,0x00000000fad00000)
 ParOldGen       total 237056K, used 96775K [0x00000000c0000000, 0x00000000ce780000, 0x00000000eaa80000)
  object space 237056K, 40% used [0x00000000c0000000,0x00000000c5e81fb8,0x00000000ce780000)
 PSPermGen       total 145408K, used 106729K [0x00000000b0000000, 0x00000000b8e00000, 0x00000000c0000000)
  object space 145408K, 73% used [0x00000000b0000000,0x00000000b683a458,0x00000000b8e00000)
}
Event: 11582,795 GC heap before
{Heap before GC invocations=56 (full 11):
 PSYoungGen      total 264192K, used 183296K [0x00000000eaa80000, 0x00000000ffd00000, 0x0000000100000000)
  eden space 183296K, 100% used [0x00000000eaa80000,0x00000000f5d80000,0x00000000f5d80000)
  from space 80896K, 0% used [0x00000000fad00000,0x00000000fad00000,0x00000000ffc00000)
  to   space 81408K, 0% used [0x00000000f5d80000,0x00000000f5d80000,0x00000000fad00000)
 ParOldGen       total 237056K, used 96775K [0x00000000c0000000, 0x00000000ce780000, 0x00000000eaa80000)
  object space 237056K, 40% used [0x00000000c0000000,0x00000000c5e81fb8,0x00000000ce780000)
 PSPermGen       total 145408K, used 111815K [0x00000000b0000000, 0x00000000b8e00000, 0x00000000c0000000)
  object space 145408K, 76% used [0x00000000b0000000,0x00000000b6d31d48,0x00000000b8e00000)
Event: 11582,816 GC heap after
Heap after GC invocations=56 (full 11):
 PSYoungGen      total 264704K, used 17972K [0x00000000eaa80000, 0x00000000fff80000, 0x0000000100000000)
  eden space 183296K, 0% used [0x00000000eaa80000,0x00000000eaa80000,0x00000000f5d80000)
  from space 81408K, 22% used [0x00000000f5d80000,0x00000000f6f0d270,0x00000000fad00000)
  to   space 80896K, 0% used [0x00000000fb080000,0x00000000fb080000,0x00000000fff80000)
 ParOldGen       total 237056K, used 96775K [0x00000000c0000000, 0x00000000ce780000, 0x00000000eaa80000)
  object space 237056K, 40% used [0x00000000c0000000,0x00000000c5e81fb8,0x00000000ce780000)
 PSPermGen       total 145408K, used 111815K [0x00000000b0000000, 0x00000000b8e00000, 0x00000000c0000000)
  object space 145408K, 76% used [0x00000000b0000000,0x00000000b6d31d48,0x00000000b8e00000)
}
Event: 11583,735 GC heap before
{Heap before GC invocations=57 (full 11):
 PSYoungGen      total 264704K, used 136844K [0x00000000eaa80000, 0x00000000fff80000, 0x0000000100000000)
  eden space 183296K, 64% used [0x00000000eaa80000,0x00000000f1e95f08,0x00000000f5d80000)
  from space 81408K, 22% used [0x00000000f5d80000,0x00000000f6f0d270,0x00000000fad00000)
  to   space 80896K, 0% used [0x00000000fb080000,0x00000000fb080000,0x00000000fff80000)
 ParOldGen       total 237056K, used 96775K [0x00000000c0000000, 0x00000000ce780000, 0x00000000eaa80000)
  object space 237056K, 40% used [0x00000000c0000000,0x00000000c5e81fb8,0x00000000ce780000)
 PSPermGen       total 145408K, used 116114K [0x00000000b0000000, 0x00000000b8e00000, 0x00000000c0000000)
  object space 145408K, 79% used [0x00000000b0000000,0x00000000b7164b30,0x00000000b8e00000)
Event: 11583,767 GC heap after
Heap after GC invocations=57 (full 11):
 PSYoungGen      total 261120K, used 35962K [0x00000000eaa80000, 0x00000000ff880000, 0x0000000100000000)
  eden space 187392K, 0% used [0x00000000eaa80000,0x00000000eaa80000,0x00000000f6180000)
  from space 73728K, 48% used [0x00000000fb080000,0x00000000fd39e918,0x00000000ff880000)
  to   space 77312K, 0% used [0x00000000f6180000,0x00000000f6180000,0x00000000fad00000)
 ParOldGen       total 237056K, used 96775K [0x00000000c0000000, 0x00000000ce780000, 0x00000000eaa80000)
  object space 237056K, 40% used [0x00000000c0000000,0x00000000c5e81fb8,0x00000000ce780000)
 PSPermGen       total 145408K, used 116114K [0x00000000b0000000, 0x00000000b8e00000, 0x00000000c0000000)
  object space 145408K, 79% used [0x00000000b0000000,0x00000000b7164b30,0x00000000b8e00000)
}
Event: 11583,767 GC heap before
{Heap before GC invocations=58 (full 12):
 PSYoungGen      total 261120K, used 35962K [0x00000000eaa80000, 0x00000000ff880000, 0x0000000100000000)
  eden space 187392K, 0% used [0x00000000eaa80000,0x00000000eaa80000,0x00000000f6180000)
  from space 73728K, 48% used [0x00000000fb080000,0x00000000fd39e918,0x00000000ff880000)
  to   space 77312K, 0% used [0x00000000f6180000,0x00000000f6180000,0x00000000fad00000)
 ParOldGen       total 237056K, used 96775K [0x00000000c0000000, 0x00000000ce780000, 0x00000000eaa80000)
  object space 237056K, 40% used [0x00000000c0000000,0x00000000c5e81fb8,0x00000000ce780000)
 PSPermGen       total 145408K, used 116114K [0x00000000b0000000, 0x00000000b8e00000, 0x00000000c0000000)
  object space 145408K, 79% used [0x00000000b0000000,0x00000000b7164b30,0x00000000b8e00000)
Event: 11584,320 GC heap after
Heap after GC invocations=58 (full 12):
 PSYoungGen      total 261120K, used 0K [0x00000000eaa80000, 0x00000000ff880000, 0x0000000100000000)
  eden space 187392K, 0% used [0x00000000eaa80000,0x00000000eaa80000,0x00000000f6180000)
  from space 73728K, 0% used [0x00000000fb080000,0x00000000fb080000,0x00000000ff880000)
  to   space 77312K, 0% used [0x00000000f6180000,0x00000000f6180000,0x00000000fad00000)
 ParOldGen       total 237056K, used 84508K [0x00000000c0000000, 0x00000000ce780000, 0x00000000eaa80000)
  object space 237056K, 35% used [0x00000000c0000000,0x00000000c52870b8,0x00000000ce780000)
 PSPermGen       total 151552K, used 111827K [0x00000000b0000000, 0x00000000b9400000, 0x00000000c0000000)
  object space 151552K, 73% used [0x00000000b0000000,0x00000000b6d34eb8,0x00000000b9400000)
}
Event: 11763,149 GC heap before
{Heap before GC invocations=59 (full 12):
 PSYoungGen      total 261120K, used 187392K [0x00000000eaa80000, 0x00000000ff880000, 0x0000000100000000)
  eden space 187392K, 100% used [0x00000000eaa80000,0x00000000f6180000,0x00000000f6180000)
  from space 73728K, 0% used [0x00000000fb080000,0x00000000fb080000,0x00000000ff880000)
  to   space 77312K, 0% used [0x00000000f6180000,0x00000000f6180000,0x00000000fad00000)
 ParOldGen       total 237056K, used 84508K [0x00000000c0000000, 0x00000000ce780000, 0x00000000eaa80000)
  object space 237056K, 35% used [0x00000000c0000000,0x00000000c52870b8,0x00000000ce780000)
 PSPermGen       total 151552K, used 117063K [0x00000000b0000000, 0x00000000b9400000, 0x00000000c0000000)
  object space 151552K, 77% used [0x00000000b0000000,0x00000000b7251d20,0x00000000b9400000)
Event: 11763,169 GC heap after
Heap after GC invocations=59 (full 12):
 PSYoungGen      total 264704K, used 18431K [0x00000000eaa80000, 0x00000000fff80000, 0x0000000100000000)
  eden space 187392K, 0% used [0x00000000eaa80000,0x00000000eaa80000,0x00000000f6180000)
  from space 77312K, 23% used [0x00000000f6180000,0x00000000f737ff40,0x00000000fad00000)
  to   space 76800K, 0% used [0x00000000fb480000,0x00000000fb480000,0x00000000fff80000)
 ParOldGen       total 237056K, used 84508K [0x00000000c0000000, 0x00000000ce780000, 0x00000000eaa80000)
  object space 237056K, 35% used [0x00000000c0000000,0x00000000c52870b8,0x00000000ce780000)
 PSPermGen       total 151552K, used 117063K [0x00000000b0000000, 0x00000000b9400000, 0x00000000c0000000)
  object space 151552K, 77% used [0x00000000b0000000,0x00000000b7251d20,0x00000000b9400000)
}

